<?xml version="1.0" encoding="UTF-8"?>
<testsuite xmlns:xsi="http://www.w3.org/2001/XMLSchema-instance" xsi:noNamespaceSchemaLocation="https://maven.apache.org/surefire/maven-surefire-plugin/xsd/surefire-test-report-3.0.xsd" version="3.0" name="com.gila.ecommerce.controller.ContractValidationTest" time="8.424" tests="6" errors="0" skipped="0" failures="0">
  <properties>
[...]
</properties>
  <testcase name="testGetCartContract" classname="com.gila.ecommerce.controller.ContractValidationTest" time="2.405">
    <system-out><![CDATA[21:53:12.472 [main] INFO org.springframework.test.context.support.AnnotationConfigContextLoaderUtils -- Could not detect default configuration classes for test class [com.gila.ecommerce.controller.ContractValidationTest]: ContractValidationTest does not declare any static, non-private, non-final, nested classes annotated with @Configuration.
21:53:13.151 [main] INFO org.springframework.boot.test.context.SpringBootTestContextBootstrapper -- Found @SpringBootConfiguration com.gila.ecommerce.ECommerceApplication for test class com.gila.ecommerce.controller.ContractValidationTest

  .   ____          _            __ _ _
 /\\ / ___'_ __ _ _(_)_ __  __ _ \ \ \ \
( ( )\___ | '_ | '_| | '_ \/ _` | \ \ \ \
 \\/  ___)| |_)| | | | | || (_| |  ) ) ) )
  '  |____| .__|_| |_|_| |_\__, | / / / /
 =========|_|==============|___/=/_/_/_/
 :: Spring Boot ::                (v3.2.5)

2026-07-10T21:53:14.384-06:00  INFO 15696 --- [           main] c.g.e.controller.ContractValidationTest  : Starting ContractValidationTest using Java 23 with PID 15696 (started by leocg in C:\Users\leocg\Documents\GitHub\challenge-ecommerce-gila)
2026-07-10T21:53:14.394-06:00  INFO 15696 --- [           main] c.g.e.controller.ContractValidationTest  : No active profile set, falling back to 1 default profile: "default"
2026-07-10T21:53:17.510-06:00  INFO 15696 --- [           main] o.s.b.t.m.w.SpringBootMockServletContext : Initializing Spring TestDispatcherServlet ''
2026-07-10T21:53:17.511-06:00  INFO 15696 --- [           main] o.s.t.web.servlet.TestDispatcherServlet  : Initializing Servlet ''
2026-07-10T21:53:17.527-06:00  INFO 15696 --- [           main] o.s.t.web.servlet.TestDispatcherServlet  : Completed initialization in 11 ms
2026-07-10T21:53:17.596-06:00  INFO 15696 --- [           main] c.g.e.controller.ContractValidationTest  : Started ContractValidationTest in 4.165 seconds (process running for 6.863)
]]></system-out>
    <system-err><![CDATA[WARNING: A Java agent has been loaded dynamically (C:\Users\leocg\.m2\repository\net\bytebuddy\byte-buddy-agent\1.14.13\byte-buddy-agent-1.14.13.jar)
WARNING: If a serviceability tool is in use, please run with -XX:+EnableDynamicAgentLoading to hide this warning
WARNING: If a serviceability tool is not in use, please run with -Djdk.instrument.traceUsage for more information
WARNING: Dynamic loading of agents will be disallowed by default in a future release
]]></system-err>
  </testcase>
  <testcase name="testCreateProductContract" classname="com.gila.ecommerce.controller.ContractValidationTest" time="0.212"/>
  <testcase name="testClearOrdersContract" classname="com.gila.ecommerce.controller.ContractValidationTest" time="0.013"/>
  <testcase name="testCheckoutContract" classname="com.gila.ecommerce.controller.ContractValidationTest" time="0.018"/>
  <testcase name="testGetProductsContract" classname="com.gila.ecommerce.controller.ContractValidationTest" time="0.03"/>
  <testcase name="testAuthLoginContract" classname="com.gila.ecommerce.controller.ContractValidationTest" time="0.031"/>
</testsuite>